[fancy-grass-2411.bss.design/index.html]
[backblue.gif]
[fade.gif]
[index.html]
[fancy-grass-2411.bss.design/assets/img/WhatsApp Image 2022-11-09 at 12.52.06 AM096a.jpg]
[cdn.jsdelivr.net/npm/bootstrap@5.2.2/dist/css/bootstrap.min.css]
[cdnjs.cloudflare.com/ajax/libs/aos/2.3.4/aos.css]
[cdnjs.cloudflare.com/ajax/libs/animate.css/3.5.2/animate.min.css]
[fancy-grass-2411.bss.design/assets/css/styles.min6263.css]
[cdnjs.cloudflare.com/ajax/libs/baguettebox.js/1.11.1/baguetteBox.min.css]
[fancy-grass-2411.bss.design/assets/img/civil-engineering-jobs-quick-guide6425.jpg]
[fancy-grass-2411.bss.design/assets/img/2022 2.12-2.120 2058d7fa.jpg]
[fancy-grass-2411.bss.design/assets/img/shutterstock_1709519638.500x0-is4a90.jpg]
[fancy-grass-2411.bss.design/assets/img/20528086a63f.jpg]
[cdn.jsdelivr.net/npm/bootstrap@5.2.2/dist/js/bootstrap.bundle.min.js]
[cdnjs.cloudflare.com/ajax/libs/aos/2.3.4/aos.js]
[cdnjs.cloudflare.com/ajax/libs/baguettebox.js/1.11.1/baguetteBox.min.js]
[fancy-grass-2411.bss.design/index.html]
[cdn.jsdelivr.net/npm/bootstrap@5.2.2/dist/css/bootstrap.min.css]
[cdnjs.cloudflare.com/ajax/libs/aos/2.3.4/aos.css]
[cdnjs.cloudflare.com/ajax/libs/animate.css/3.5.2/animate.min.css]
[fancy-grass-2411.bss.design/assets/css/styles.min6263.css]
[cdnjs.cloudflare.com/ajax/libs/baguettebox.js/1.11.1/baguetteBox.min.css]
[fancy-grass-2411.bss.design/assets/js/script.min2eb4.js]
